生成启动时间为 2016/3/1 13:58:53。
     1>项目“D:\Backup\Gs9330.Git\VcProject\VcProject.vcxproj”在节点 2 上(Build 个目标)。
     1>ClCompile:
         C:\Program Files\Microsoft Visual Studio 11.0\VC\bin\CL.exe /c /Zi /nologo /W3 /WX- /O2 /Oi /Oy- /GL /D WIN32 /D NDEBUG /D _CONSOLE /D _USING_V110_SDK71_ /D _UNICODE /D UNICODE /Gm- /EHsc /MD /GS /Gy /fp:precise /Zc:wchar_t /Zc:forScope /Fo"Release\\" /Fd"Release\vc110.pdb" /Gd /TP /analyze- /errorReport:prompt ..\Codes\Src\Main.cpp
         Main.cpp
       Link:
         C:\Program Files\Microsoft Visual Studio 11.0\VC\bin\link.exe /ERRORREPORT:PROMPT /OUT:"D:\Backup\Gs9330.Git\Release\EpgSenderR.exe" /INCREMENTAL:NO /NOLOGO kernel32.lib user32.lib gdi32.lib winspool.lib comdlg32.lib advapi32.lib shell32.lib ole32.lib oleaut32.lib uuid.lib odbc32.lib odbccp32.lib /MANIFEST /MANIFESTUAC:"level='asInvoker' uiAccess='false'" /manifest:embed /DEBUG /PDB:"D:\Backup\Gs9330.Git\Release\EpgSenderR.pdb" /SUBSYSTEM:CONSOLE,"5.01" /OPT:REF /OPT:ICF /LTCG /TLBID:1 /DYNAMICBASE /NXCOMPAT /IMPLIB:"D:\Backup\Gs9330.Git\Release\EpgSenderR.lib" /MACHINE:X86 /SAFESEH Release\DirCfg.obj
         Release\NetworksCfg.obj
         Release\TimerCfg.obj
         Release\Controller.obj
         Release\TimerRepository.obj
         Release\LibLinking.obj
         Release\PacketHelper.obj
         Release\Converter.obj
         Release\Crc32.obj
         Release\Debug.obj
         Release\Delete.obj
         Release\Time.obj
         Release\Main.obj
         Release\Bat.obj
         Release\CatchHelper.obj
         Release\Descriptor.obj
         Release\Eit.obj
         Release\Nit.obj
         Release\Sdt.obj
         Release\TransportStream.obj
         Release\TransportPacket.obj
         正在生成代码
         已完成代码的生成
         VcProject.vcxproj -> D:\Backup\Gs9330.Git\Release\EpgSenderR.exe
     1>已完成生成项目“D:\Backup\Gs9330.Git\VcProject\VcProject.vcxproj”(Build 个目标)的操作。

生成成功。

已用时间 00:00:05.65
